c:\users\carlo\documents\visual studio 2015\openframework\of_v0.9.8_vs_release\apps\myapps\laberinto\obj\debug\cell.obj
c:\users\carlo\documents\visual studio 2015\openframework\of_v0.9.8_vs_release\apps\myapps\laberinto\obj\debug\wall.obj
c:\users\carlo\documents\visual studio 2015\openframework\of_v0.9.8_vs_release\apps\myapps\laberinto\obj\debug\main.obj
c:\users\carlo\documents\visual studio 2015\openframework\of_v0.9.8_vs_release\apps\myapps\laberinto\obj\debug\ofapp.obj
c:\users\carlo\documents\visual studio 2015\openframework\of_v0.9.8_vs_release\apps\myapps\laberinto\obj\debug\vc140.pdb
c:\users\carlo\documents\visual studio 2015\openframework\of_v0.9.8_vs_release\apps\myapps\laberinto\bin\laberinto_debug.lib
c:\users\carlo\documents\visual studio 2015\openframework\of_v0.9.8_vs_release\apps\myapps\laberinto\bin\laberinto_debug.exp
c:\users\carlo\documents\visual studio 2015\openframework\of_v0.9.8_vs_release\apps\myapps\laberinto\bin\laberinto_debug.ilk
c:\users\carlo\documents\visual studio 2015\openframework\of_v0.9.8_vs_release\apps\myapps\laberinto\bin\laberinto_debug.exe
c:\users\carlo\documents\visual studio 2015\openframework\of_v0.9.8_vs_release\apps\myapps\laberinto\bin\laberinto_debug.pdb
c:\users\carlo\documents\visual studio 2015\openframework\of_v0.9.8_vs_release\apps\myapps\laberinto\obj\debug\icon.res
c:\users\carlo\documents\visual studio 2015\openframework\of_v0.9.8_vs_release\apps\myapps\laberinto\obj\debug\laberinto.vcxprojresolveassemblyreference.cache
c:\users\carlo\documents\visual studio 2015\openframework\of_v0.9.8_vs_release\apps\myapps\laberinto\obj\debug\laberinto.tlog\cl.command.1.tlog
c:\users\carlo\documents\visual studio 2015\openframework\of_v0.9.8_vs_release\apps\myapps\laberinto\obj\debug\laberinto.tlog\cl.read.1.tlog
c:\users\carlo\documents\visual studio 2015\openframework\of_v0.9.8_vs_release\apps\myapps\laberinto\obj\debug\laberinto.tlog\cl.write.1.tlog
c:\users\carlo\documents\visual studio 2015\openframework\of_v0.9.8_vs_release\apps\myapps\laberinto\obj\debug\laberinto.tlog\laberinto.write.1u.tlog
c:\users\carlo\documents\visual studio 2015\openframework\of_v0.9.8_vs_release\apps\myapps\laberinto\obj\debug\laberinto.tlog\link.command.1.tlog
c:\users\carlo\documents\visual studio 2015\openframework\of_v0.9.8_vs_release\apps\myapps\laberinto\obj\debug\laberinto.tlog\link.read.1.tlog
c:\users\carlo\documents\visual studio 2015\openframework\of_v0.9.8_vs_release\apps\myapps\laberinto\obj\debug\laberinto.tlog\link.write.1.tlog
c:\users\carlo\documents\visual studio 2015\openframework\of_v0.9.8_vs_release\apps\myapps\laberinto\obj\debug\laberinto.tlog\rc.command.1.tlog
c:\users\carlo\documents\visual studio 2015\openframework\of_v0.9.8_vs_release\apps\myapps\laberinto\obj\debug\laberinto.tlog\rc.read.1.tlog
c:\users\carlo\documents\visual studio 2015\openframework\of_v0.9.8_vs_release\apps\myapps\laberinto\obj\debug\laberinto.tlog\rc.write.1.tlog
